[0.464s] Invoking command in '/home/dl/nav2_ws/src/fishbot_description': PYTHONPATH=/home/dl/nav2_ws/build/fishbot_description/prefix_override:/home/dl/nav2_ws/install/fishbot_description/lib/python3.10/site-packages:${PYTHONPATH} /usr/bin/python3 setup.py egg_info --egg-base ../../build/fishbot_description build --build-base /home/dl/nav2_ws/build/fishbot_description/build install --record /home/dl/nav2_ws/build/fishbot_description/install.log --single-version-externally-managed
[0.636s] running egg_info
[0.636s] writing ../../build/fishbot_description/fishbot_description.egg-info/PKG-INFO
[0.636s] writing dependency_links to ../../build/fishbot_description/fishbot_description.egg-info/dependency_links.txt
[0.636s] writing entry points to ../../build/fishbot_description/fishbot_description.egg-info/entry_points.txt
[0.636s] writing requirements to ../../build/fishbot_description/fishbot_description.egg-info/requires.txt
[0.637s] writing top-level names to ../../build/fishbot_description/fishbot_description.egg-info/top_level.txt
[0.638s] reading manifest file '../../build/fishbot_description/fishbot_description.egg-info/SOURCES.txt'
[0.638s] writing manifest file '../../build/fishbot_description/fishbot_description.egg-info/SOURCES.txt'
[0.638s] running build
[0.638s] running build_py
[0.639s] running install
[0.639s] running install_lib
[0.639s] running install_data
[0.640s] copying urdf/fishbot_base.urdf -> /home/dl/nav2_ws/install/fishbot_description/share/fishbot_description/urdf
[0.640s] running install_egg_info
[0.641s] removing '/home/dl/nav2_ws/install/fishbot_description/lib/python3.10/site-packages/fishbot_description-0.0.0-py3.10.egg-info' (and everything under it)
[0.641s] Copying ../../build/fishbot_description/fishbot_description.egg-info to /home/dl/nav2_ws/install/fishbot_description/lib/python3.10/site-packages/fishbot_description-0.0.0-py3.10.egg-info
[0.642s] running install_scripts
[0.655s] writing list of installed files to '/home/dl/nav2_ws/build/fishbot_description/install.log'
[0.674s] Invoked command in '/home/dl/nav2_ws/src/fishbot_description' returned '0': PYTHONPATH=/home/dl/nav2_ws/build/fishbot_description/prefix_override:/home/dl/nav2_ws/install/fishbot_description/lib/python3.10/site-packages:${PYTHONPATH} /usr/bin/python3 setup.py egg_info --egg-base ../../build/fishbot_description build --build-base /home/dl/nav2_ws/build/fishbot_description/build install --record /home/dl/nav2_ws/build/fishbot_description/install.log --single-version-externally-managed
