[0.537s] Invoking command in '/home/dl/nav2_ws/src/fishbot_description': PYTHONPATH=/home/dl/nav2_ws/build/fishbot_description/prefix_override:/home/dl/nav2_ws/install/fishbot_description/lib/python3.10/site-packages:${PYTHONPATH} /usr/bin/python3 setup.py egg_info --egg-base ../../build/fishbot_description build --build-base /home/dl/nav2_ws/build/fishbot_description/build install --record /home/dl/nav2_ws/build/fishbot_description/install.log --single-version-externally-managed
[0.696s] running egg_info
[0.696s] creating ../../build/fishbot_description/fishbot_description.egg-info
[0.696s] writing ../../build/fishbot_description/fishbot_description.egg-info/PKG-INFO
[0.696s] writing dependency_links to ../../build/fishbot_description/fishbot_description.egg-info/dependency_links.txt
[0.697s] writing entry points to ../../build/fishbot_description/fishbot_description.egg-info/entry_points.txt
[0.697s] writing requirements to ../../build/fishbot_description/fishbot_description.egg-info/requires.txt
[0.697s] writing top-level names to ../../build/fishbot_description/fishbot_description.egg-info/top_level.txt
[0.697s] writing manifest file '../../build/fishbot_description/fishbot_description.egg-info/SOURCES.txt'
[0.698s] reading manifest file '../../build/fishbot_description/fishbot_description.egg-info/SOURCES.txt'
[0.698s] writing manifest file '../../build/fishbot_description/fishbot_description.egg-info/SOURCES.txt'
[0.698s] running build
[0.698s] running build_py
[0.699s] creating /home/dl/nav2_ws/build/fishbot_description/build
[0.699s] creating /home/dl/nav2_ws/build/fishbot_description/build/lib
[0.699s] creating /home/dl/nav2_ws/build/fishbot_description/build/lib/fishbot_description
[0.699s] copying fishbot_description/__init__.py -> /home/dl/nav2_ws/build/fishbot_description/build/lib/fishbot_description
[0.699s] running install
[0.704s] /usr/lib/python3/dist-packages/setuptools/command/install.py:34: SetuptoolsDeprecationWarning: setup.py install is deprecated. Use build and pip and other standards-based tools.
[0.704s]   warnings.warn(
[0.704s] running install_lib
[0.705s] creating /home/dl/nav2_ws/install/fishbot_description/lib/python3.10/site-packages/fishbot_description
[0.705s] copying /home/dl/nav2_ws/build/fishbot_description/build/lib/fishbot_description/__init__.py -> /home/dl/nav2_ws/install/fishbot_description/lib/python3.10/site-packages/fishbot_description
[0.705s] byte-compiling /home/dl/nav2_ws/install/fishbot_description/lib/python3.10/site-packages/fishbot_description/__init__.py to __init__.cpython-310.pyc
[0.705s] running install_data
[0.705s] creating /home/dl/nav2_ws/install/fishbot_description/share/ament_index
[0.706s] creating /home/dl/nav2_ws/install/fishbot_description/share/ament_index/resource_index
[0.706s] creating /home/dl/nav2_ws/install/fishbot_description/share/ament_index/resource_index/packages
[0.706s] copying resource/fishbot_description -> /home/dl/nav2_ws/install/fishbot_description/share/ament_index/resource_index/packages
[0.706s] copying package.xml -> /home/dl/nav2_ws/install/fishbot_description/share/fishbot_description
[0.706s] creating /home/dl/nav2_ws/install/fishbot_description/share/fishbot_description/launch
[0.706s] copying launch/display_rviz2.launch.py -> /home/dl/nav2_ws/install/fishbot_description/share/fishbot_description/launch
[0.706s] creating /home/dl/nav2_ws/install/fishbot_description/share/fishbot_description/urdf
[0.706s] copying urdf/fishbot_base.urdf -> /home/dl/nav2_ws/install/fishbot_description/share/fishbot_description/urdf
[0.706s] running install_egg_info
[0.707s] Copying ../../build/fishbot_description/fishbot_description.egg-info to /home/dl/nav2_ws/install/fishbot_description/lib/python3.10/site-packages/fishbot_description-0.0.0-py3.10.egg-info
[0.708s] running install_scripts
[0.721s] writing list of installed files to '/home/dl/nav2_ws/build/fishbot_description/install.log'
[0.737s] Invoked command in '/home/dl/nav2_ws/src/fishbot_description' returned '0': PYTHONPATH=/home/dl/nav2_ws/build/fishbot_description/prefix_override:/home/dl/nav2_ws/install/fishbot_description/lib/python3.10/site-packages:${PYTHONPATH} /usr/bin/python3 setup.py egg_info --egg-base ../../build/fishbot_description build --build-base /home/dl/nav2_ws/build/fishbot_description/build install --record /home/dl/nav2_ws/build/fishbot_description/install.log --single-version-externally-managed
