[0.009s] Invoking command in '/home/dl/nav2_ws/build/fishbot_navigation2': /usr/bin/cmake /home/dl/nav2_ws/src/fishbot_navigation2 -DCMAKE_INSTALL_PREFIX=/home/dl/nav2_ws/install/fishbot_navigation2
[0.016s] -- Found ament_cmake: 1.3.4 (/opt/ros/humble/share/ament_cmake/cmake)
[0.112s] -- Found ament_lint_auto: 0.12.6 (/opt/ros/humble/share/ament_lint_auto/cmake)
[0.147s] Error parsing '/home/dl/nav2_ws/src/fishbot_navigation2/package.xml':
[0.176s] Traceback (most recent call last):
[0.176s]   File "/opt/ros/humble/share/ament_cmake_core/cmake/core/package_xml_2_cmake.py", line 150, in <module>
[0.176s]     main()
[0.176s]   File "/opt/ros/humble/share/ament_cmake_core/cmake/core/package_xml_2_cmake.py", line 53, in main
[0.176s]     raise e
[0.176s]   File "/opt/ros/humble/share/ament_cmake_core/cmake/core/package_xml_2_cmake.py", line 49, in main
[0.176s]     package = parse_package_string(
[0.176s]   File "/usr/lib/python3/dist-packages/catkin_pkg/package.py", line 786, in parse_package_string
[0.176s]     raise InvalidPackage('Error(s):%s' % (''.join(['\n- %s' % e for e in errors])), filename)
[0.176s] catkin_pkg.package.InvalidPackage: Error(s) in package '/home/dl/nav2_ws/src/fishbot_navigation2/package.xml':
[0.176s] Error(s):
[0.176s] - The generic dependency on 'nav2_bringup' is redundant with: exec_depend
[0.185s] [31mCMake Error at /opt/ros/humble/share/ament_cmake_core/cmake/core/ament_package_xml.cmake:95 (message):
[0.185s]   execute_process(/usr/bin/python3.10
[0.185s]   /opt/ros/humble/share/ament_cmake_core/cmake/core/package_xml_2_cmake.py
[0.185s]   /home/dl/nav2_ws/src/fishbot_navigation2/package.xml
[0.185s]   /home/dl/nav2_ws/build/fishbot_navigation2/ament_cmake_core/package.cmake)
[0.186s]   returned error code 1
[0.186s] Call Stack (most recent call first):
[0.186s]   /opt/ros/humble/share/ament_cmake_core/cmake/core/ament_package_xml.cmake:49 (_ament_package_xml)
[0.186s]   /opt/ros/humble/share/ament_lint_auto/cmake/ament_lint_auto_find_test_dependencies.cmake:31 (ament_package_xml)
[0.186s]   CMakeLists.txt:20 (ament_lint_auto_find_test_dependencies)
[0.186s] 
[0.186s] [0m
[0.186s] -- Configuring incomplete, errors occurred!
[0.186s] See also "/home/dl/nav2_ws/build/fishbot_navigation2/CMakeFiles/CMakeOutput.log".
[0.189s] Invoked command in '/home/dl/nav2_ws/build/fishbot_navigation2' returned '1': /usr/bin/cmake /home/dl/nav2_ws/src/fishbot_navigation2 -DCMAKE_INSTALL_PREFIX=/home/dl/nav2_ws/install/fishbot_navigation2
