[0.010s] Invoking command in '/home/dl/nav2_ws/build/fishbot_navigation2': CMAKE_PREFIX_PATH=/opt/ros/humble /usr/bin/cmake --build /home/dl/nav2_ws/build/fishbot_navigation2 -- -j16 -l16
[0.025s] -- Found ament_cmake: 1.3.4 (/opt/ros/humble/share/ament_cmake/cmake)
[0.123s] -- Found nav2_bringup: 1.1.6 (/opt/ros/humble/share/nav2_bringup/cmake)
[0.123s] -- Found ament_lint_auto: 0.12.6 (/opt/ros/humble/share/ament_lint_auto/cmake)
[0.171s] -- Added test 'flake8' to check Python code syntax and style conventions
[0.171s] -- Added test 'lint_cmake' to check CMake code style
[0.171s] -- Added test 'pep257' to check Python code against some of the docstring style conventions in PEP 257
[0.173s] -- Added test 'xmllint' to check XML markup files
[0.174s] -- Configuring done
[0.175s] -- Generating done
[0.176s] -- Build files have been written to: /home/dl/nav2_ws/build/fishbot_navigation2
[0.188s] Invoked command in '/home/dl/nav2_ws/build/fishbot_navigation2' returned '0': CMAKE_PREFIX_PATH=/opt/ros/humble /usr/bin/cmake --build /home/dl/nav2_ws/build/fishbot_navigation2 -- -j16 -l16
[0.206s] Invoking command in '/home/dl/nav2_ws/build/fishbot_navigation2': CMAKE_PREFIX_PATH=/opt/ros/humble /usr/bin/cmake --install /home/dl/nav2_ws/build/fishbot_navigation2
[0.210s] -- Install configuration: ""
[0.210s] -- Up-to-date: /home/dl/nav2_ws/install/fishbot_navigation2/share/fishbot_navigation2/launch
[0.210s] -- Up-to-date: /home/dl/nav2_ws/install/fishbot_navigation2/share/fishbot_navigation2/launch/gazebo.launch.py
[0.210s] -- Up-to-date: /home/dl/nav2_ws/install/fishbot_navigation2/share/fishbot_navigation2/param
[0.210s] -- Up-to-date: /home/dl/nav2_ws/install/fishbot_navigation2/share/fishbot_navigation2/param/fishbot_nav2.yaml
[0.210s] -- Up-to-date: /home/dl/nav2_ws/install/fishbot_navigation2/share/fishbot_navigation2/param/build
[0.210s] -- Up-to-date: /home/dl/nav2_ws/install/fishbot_navigation2/share/fishbot_navigation2/param/build/COLCON_IGNORE
[0.210s] -- Up-to-date: /home/dl/nav2_ws/install/fishbot_navigation2/share/fishbot_navigation2/param/build/.built_by
[0.210s] -- Up-to-date: /home/dl/nav2_ws/install/fishbot_navigation2/share/fishbot_navigation2/param/log
[0.210s] -- Up-to-date: /home/dl/nav2_ws/install/fishbot_navigation2/share/fishbot_navigation2/param/log/COLCON_IGNORE
[0.210s] -- Up-to-date: /home/dl/nav2_ws/install/fishbot_navigation2/share/fishbot_navigation2/param/log/latest_build
[0.211s] -- Up-to-date: /home/dl/nav2_ws/install/fishbot_navigation2/share/fishbot_navigation2/param/log/build_2023-06-07_17-02-53
[0.211s] -- Up-to-date: /home/dl/nav2_ws/install/fishbot_navigation2/share/fishbot_navigation2/param/log/build_2023-06-07_17-02-53/logger_all.log
[0.211s] -- Up-to-date: /home/dl/nav2_ws/install/fishbot_navigation2/share/fishbot_navigation2/param/log/latest
[0.211s] -- Up-to-date: /home/dl/nav2_ws/install/fishbot_navigation2/share/fishbot_navigation2/param/install
[0.211s] -- Up-to-date: /home/dl/nav2_ws/install/fishbot_navigation2/share/fishbot_navigation2/param/install/COLCON_IGNORE
[0.211s] -- Up-to-date: /home/dl/nav2_ws/install/fishbot_navigation2/share/fishbot_navigation2/param/install/.colcon_install_layout
[0.211s] -- Up-to-date: /home/dl/nav2_ws/install/fishbot_navigation2/share/fishbot_navigation2/maps
[0.211s] -- Up-to-date: /home/dl/nav2_ws/install/fishbot_navigation2/share/fishbot_navigation2/maps/fishbot_map.yaml
[0.211s] -- Up-to-date: /home/dl/nav2_ws/install/fishbot_navigation2/share/fishbot_navigation2/maps/fishbot_map.pgm
[0.211s] -- Up-to-date: /home/dl/nav2_ws/install/fishbot_navigation2/share/ament_index/resource_index/package_run_dependencies/fishbot_navigation2
[0.211s] -- Up-to-date: /home/dl/nav2_ws/install/fishbot_navigation2/share/ament_index/resource_index/parent_prefix_path/fishbot_navigation2
[0.211s] -- Up-to-date: /home/dl/nav2_ws/install/fishbot_navigation2/share/fishbot_navigation2/environment/ament_prefix_path.sh
[0.211s] -- Installing: /home/dl/nav2_ws/install/fishbot_navigation2/share/fishbot_navigation2/environment/ament_prefix_path.dsv
[0.211s] -- Up-to-date: /home/dl/nav2_ws/install/fishbot_navigation2/share/fishbot_navigation2/environment/path.sh
[0.212s] -- Installing: /home/dl/nav2_ws/install/fishbot_navigation2/share/fishbot_navigation2/environment/path.dsv
[0.212s] -- Up-to-date: /home/dl/nav2_ws/install/fishbot_navigation2/share/fishbot_navigation2/local_setup.bash
[0.212s] -- Up-to-date: /home/dl/nav2_ws/install/fishbot_navigation2/share/fishbot_navigation2/local_setup.sh
[0.213s] -- Up-to-date: /home/dl/nav2_ws/install/fishbot_navigation2/share/fishbot_navigation2/local_setup.zsh
[0.213s] -- Installing: /home/dl/nav2_ws/install/fishbot_navigation2/share/fishbot_navigation2/local_setup.dsv
[0.213s] -- Installing: /home/dl/nav2_ws/install/fishbot_navigation2/share/fishbot_navigation2/package.dsv
[0.213s] -- Up-to-date: /home/dl/nav2_ws/install/fishbot_navigation2/share/ament_index/resource_index/packages/fishbot_navigation2
[0.213s] -- Up-to-date: /home/dl/nav2_ws/install/fishbot_navigation2/share/fishbot_navigation2/cmake/fishbot_navigation2Config.cmake
[0.213s] -- Up-to-date: /home/dl/nav2_ws/install/fishbot_navigation2/share/fishbot_navigation2/cmake/fishbot_navigation2Config-version.cmake
[0.213s] -- Up-to-date: /home/dl/nav2_ws/install/fishbot_navigation2/share/fishbot_navigation2/package.xml
[0.213s] Invoked command in '/home/dl/nav2_ws/build/fishbot_navigation2' returned '0': CMAKE_PREFIX_PATH=/opt/ros/humble /usr/bin/cmake --install /home/dl/nav2_ws/build/fishbot_navigation2
