[0.015s] Invoking command in '/home/dl/nav2_ws/build/fishbot_cartographer': CMAKE_PREFIX_PATH=/opt/ros/humble /usr/bin/cmake /home/dl/nav2_ws/src/fishbot_cartographer -DCMAKE_INSTALL_PREFIX=/home/dl/nav2_ws/install/fishbot_cartographer
[0.107s] -- The C compiler identification is GNU 11.3.0
[0.168s] -- The CXX compiler identification is GNU 11.3.0
[0.176s] -- Detecting C compiler ABI info
[0.224s] -- Detecting C compiler ABI info - done
[0.229s] -- Check for working C compiler: /usr/bin/cc - skipped
[0.229s] -- Detecting C compile features
[0.230s] -- Detecting C compile features - done
[0.233s] -- Detecting CXX compiler ABI info
[0.285s] -- Detecting CXX compiler ABI info - done
[0.291s] -- Check for working CXX compiler: /usr/bin/c++ - skipped
[0.291s] -- Detecting CXX compile features
[0.291s] -- Detecting CXX compile features - done
[0.293s] -- Found ament_cmake: 1.3.4 (/opt/ros/humble/share/ament_cmake/cmake)
[0.416s] -- Found Python3: /usr/bin/python3.10 (found version "3.10.6") found components: Interpreter 
[0.495s] -- Found ament_lint_auto: 0.12.6 (/opt/ros/humble/share/ament_lint_auto/cmake)
[0.556s] -- Added test 'flake8' to check Python code syntax and style conventions
[0.556s] -- Added test 'lint_cmake' to check CMake code style
[0.556s] -- Added test 'pep257' to check Python code against some of the docstring style conventions in PEP 257
[0.558s] -- Added test 'xmllint' to check XML markup files
[0.559s] -- Configuring done
[0.561s] -- Generating done
[0.562s] -- Build files have been written to: /home/dl/nav2_ws/build/fishbot_cartographer
[0.565s] Invoked command in '/home/dl/nav2_ws/build/fishbot_cartographer' returned '0': CMAKE_PREFIX_PATH=/opt/ros/humble /usr/bin/cmake /home/dl/nav2_ws/src/fishbot_cartographer -DCMAKE_INSTALL_PREFIX=/home/dl/nav2_ws/install/fishbot_cartographer
[0.566s] Invoking command in '/home/dl/nav2_ws/build/fishbot_cartographer': CMAKE_PREFIX_PATH=/opt/ros/humble /usr/bin/cmake --build /home/dl/nav2_ws/build/fishbot_cartographer -- -j16 -l16
[0.590s] Invoked command in '/home/dl/nav2_ws/build/fishbot_cartographer' returned '0': CMAKE_PREFIX_PATH=/opt/ros/humble /usr/bin/cmake --build /home/dl/nav2_ws/build/fishbot_cartographer -- -j16 -l16
[0.608s] Invoking command in '/home/dl/nav2_ws/build/fishbot_cartographer': CMAKE_PREFIX_PATH=/opt/ros/humble /usr/bin/cmake --install /home/dl/nav2_ws/build/fishbot_cartographer
[0.613s] -- Install configuration: ""
[0.613s] -- Installing: /home/dl/nav2_ws/install/fishbot_cartographer/share/fishbot_cartographer/config
[0.613s] -- Installing: /home/dl/nav2_ws/install/fishbot_cartographer/share/fishbot_cartographer/config/fishbot_2d.lua
[0.613s] -- Installing: /home/dl/nav2_ws/install/fishbot_cartographer/share/fishbot_cartographer/launch
[0.613s] -- Installing: /home/dl/nav2_ws/install/fishbot_cartographer/share/fishbot_cartographer/launch/build
[0.614s] -- Installing: /home/dl/nav2_ws/install/fishbot_cartographer/share/fishbot_cartographer/launch/build/COLCON_IGNORE
[0.614s] -- Installing: /home/dl/nav2_ws/install/fishbot_cartographer/share/fishbot_cartographer/launch/build/.built_by
[0.614s] -- Installing: /home/dl/nav2_ws/install/fishbot_cartographer/share/fishbot_cartographer/launch/log
[0.614s] -- Installing: /home/dl/nav2_ws/install/fishbot_cartographer/share/fishbot_cartographer/launch/log/build_2023-06-07_16-18-53
[0.614s] -- Installing: /home/dl/nav2_ws/install/fishbot_cartographer/share/fishbot_cartographer/launch/log/build_2023-06-07_16-18-53/events.log
[0.614s] -- Installing: /home/dl/nav2_ws/install/fishbot_cartographer/share/fishbot_cartographer/launch/log/build_2023-06-07_16-18-53/logger_all.log
[0.614s] -- Installing: /home/dl/nav2_ws/install/fishbot_cartographer/share/fishbot_cartographer/launch/log/COLCON_IGNORE
[0.614s] -- Installing: /home/dl/nav2_ws/install/fishbot_cartographer/share/fishbot_cartographer/launch/log/build_2023-06-07_16-17-52
[0.615s] -- Installing: /home/dl/nav2_ws/install/fishbot_cartographer/share/fishbot_cartographer/launch/log/build_2023-06-07_16-17-52/events.log
[0.615s] -- Installing: /home/dl/nav2_ws/install/fishbot_cartographer/share/fishbot_cartographer/launch/log/build_2023-06-07_16-17-52/logger_all.log
[0.615s] -- Installing: /home/dl/nav2_ws/install/fishbot_cartographer/share/fishbot_cartographer/launch/log/latest_build
[0.615s] -- Installing: /home/dl/nav2_ws/install/fishbot_cartographer/share/fishbot_cartographer/launch/log/build_2023-06-07_16-15-41
[0.615s] -- Installing: /home/dl/nav2_ws/install/fishbot_cartographer/share/fishbot_cartographer/launch/log/build_2023-06-07_16-15-41/events.log
[0.615s] -- Installing: /home/dl/nav2_ws/install/fishbot_cartographer/share/fishbot_cartographer/launch/log/build_2023-06-07_16-15-41/logger_all.log
[0.615s] -- Installing: /home/dl/nav2_ws/install/fishbot_cartographer/share/fishbot_cartographer/launch/log/latest
[0.615s] -- Installing: /home/dl/nav2_ws/install/fishbot_cartographer/share/fishbot_cartographer/launch/install
[0.615s] -- Installing: /home/dl/nav2_ws/install/fishbot_cartographer/share/fishbot_cartographer/launch/install/setup.sh
[0.615s] -- Installing: /home/dl/nav2_ws/install/fishbot_cartographer/share/fishbot_cartographer/launch/install/setup.ps1
[0.615s] -- Installing: /home/dl/nav2_ws/install/fishbot_cartographer/share/fishbot_cartographer/launch/install/_local_setup_util_sh.py
[0.615s] -- Installing: /home/dl/nav2_ws/install/fishbot_cartographer/share/fishbot_cartographer/launch/install/COLCON_IGNORE
[0.615s] -- Installing: /home/dl/nav2_ws/install/fishbot_cartographer/share/fishbot_cartographer/launch/install/local_setup.ps1
[0.615s] -- Installing: /home/dl/nav2_ws/install/fishbot_cartographer/share/fishbot_cartographer/launch/install/setup.bash
[0.615s] -- Installing: /home/dl/nav2_ws/install/fishbot_cartographer/share/fishbot_cartographer/launch/install/_local_setup_util_ps1.py
[0.615s] -- Installing: /home/dl/nav2_ws/install/fishbot_cartographer/share/fishbot_cartographer/launch/install/local_setup.zsh
[0.615s] -- Installing: /home/dl/nav2_ws/install/fishbot_cartographer/share/fishbot_cartographer/launch/install/local_setup.bash
[0.616s] -- Installing: /home/dl/nav2_ws/install/fishbot_cartographer/share/fishbot_cartographer/launch/install/.colcon_install_layout
[0.616s] -- Installing: /home/dl/nav2_ws/install/fishbot_cartographer/share/fishbot_cartographer/launch/install/setup.zsh
[0.616s] -- Installing: /home/dl/nav2_ws/install/fishbot_cartographer/share/fishbot_cartographer/launch/install/local_setup.sh
[0.616s] -- Installing: /home/dl/nav2_ws/install/fishbot_cartographer/share/fishbot_cartographer/launch/cartographer.launch.py
[0.616s] -- Installing: /home/dl/nav2_ws/install/fishbot_cartographer/share/fishbot_cartographer/rviz
[0.616s] -- Installing: /home/dl/nav2_ws/install/fishbot_cartographer/share/ament_index/resource_index/package_run_dependencies/fishbot_cartographer
[0.616s] -- Installing: /home/dl/nav2_ws/install/fishbot_cartographer/share/ament_index/resource_index/parent_prefix_path/fishbot_cartographer
[0.616s] -- Installing: /home/dl/nav2_ws/install/fishbot_cartographer/share/fishbot_cartographer/environment/ament_prefix_path.sh
[0.616s] -- Installing: /home/dl/nav2_ws/install/fishbot_cartographer/share/fishbot_cartographer/environment/ament_prefix_path.dsv
[0.616s] -- Installing: /home/dl/nav2_ws/install/fishbot_cartographer/share/fishbot_cartographer/environment/path.sh
[0.616s] -- Installing: /home/dl/nav2_ws/install/fishbot_cartographer/share/fishbot_cartographer/environment/path.dsv
[0.616s] -- Installing: /home/dl/nav2_ws/install/fishbot_cartographer/share/fishbot_cartographer/local_setup.bash
[0.616s] -- Installing: /home/dl/nav2_ws/install/fishbot_cartographer/share/fishbot_cartographer/local_setup.sh
[0.616s] -- Installing: /home/dl/nav2_ws/install/fishbot_cartographer/share/fishbot_cartographer/local_setup.zsh
[0.616s] -- Installing: /home/dl/nav2_ws/install/fishbot_cartographer/share/fishbot_cartographer/local_setup.dsv
[0.616s] -- Installing: /home/dl/nav2_ws/install/fishbot_cartographer/share/fishbot_cartographer/package.dsv
[0.616s] -- Installing: /home/dl/nav2_ws/install/fishbot_cartographer/share/ament_index/resource_index/packages/fishbot_cartographer
[0.616s] -- Installing: /home/dl/nav2_ws/install/fishbot_cartographer/share/fishbot_cartographer/cmake/fishbot_cartographerConfig.cmake
[0.616s] -- Installing: /home/dl/nav2_ws/install/fishbot_cartographer/share/fishbot_cartographer/cmake/fishbot_cartographerConfig-version.cmake
[0.616s] -- Installing: /home/dl/nav2_ws/install/fishbot_cartographer/share/fishbot_cartographer/package.xml
[0.618s] Invoked command in '/home/dl/nav2_ws/build/fishbot_cartographer' returned '0': CMAKE_PREFIX_PATH=/opt/ros/humble /usr/bin/cmake --install /home/dl/nav2_ws/build/fishbot_cartographer
