[0.395s] Invoking command in '/home/dl/nav2_ws/src/fishbot_description': PYTHONPATH=/home/dl/nav2_ws/build/fishbot_description/prefix_override:/home/dl/nav2_ws/install/fishbot_description/lib/python3.10/site-packages: /usr/bin/python3 setup.py egg_info --egg-base ../../build/fishbot_description build --build-base /home/dl/nav2_ws/build/fishbot_description/build install --record /home/dl/nav2_ws/build/fishbot_description/install.log --single-version-externally-managed
[0.542s] running egg_info
[0.543s] writing ../../build/fishbot_description/fishbot_description.egg-info/PKG-INFO
[0.543s] writing dependency_links to ../../build/fishbot_description/fishbot_description.egg-info/dependency_links.txt
[0.543s] writing entry points to ../../build/fishbot_description/fishbot_description.egg-info/entry_points.txt
[0.543s] writing requirements to ../../build/fishbot_description/fishbot_description.egg-info/requires.txt
[0.543s] writing top-level names to ../../build/fishbot_description/fishbot_description.egg-info/top_level.txt
[0.544s] reading manifest file '../../build/fishbot_description/fishbot_description.egg-info/SOURCES.txt'
[0.545s] writing manifest file '../../build/fishbot_description/fishbot_description.egg-info/SOURCES.txt'
[0.545s] running build
[0.545s] running build_py
[0.545s] running install
[0.545s] running install_lib
[0.546s] creating /home/dl/nav2_ws/install/fishbot_description/lib/python3.10/site-packages/fishbot_description
[0.546s] copying /home/dl/nav2_ws/build/fishbot_description/build/lib/fishbot_description/rotate_wheel.py -> /home/dl/nav2_ws/install/fishbot_description/lib/python3.10/site-packages/fishbot_description
[0.546s] copying /home/dl/nav2_ws/build/fishbot_description/build/lib/fishbot_description/__init__.py -> /home/dl/nav2_ws/install/fishbot_description/lib/python3.10/site-packages/fishbot_description
[0.546s] byte-compiling /home/dl/nav2_ws/install/fishbot_description/lib/python3.10/site-packages/fishbot_description/rotate_wheel.py to rotate_wheel.cpython-310.pyc
[0.547s] byte-compiling /home/dl/nav2_ws/install/fishbot_description/lib/python3.10/site-packages/fishbot_description/__init__.py to __init__.cpython-310.pyc
[0.547s] running install_data
[0.547s] creating /home/dl/nav2_ws/install/fishbot_description/share/ament_index
[0.547s] creating /home/dl/nav2_ws/install/fishbot_description/share/ament_index/resource_index
[0.548s] creating /home/dl/nav2_ws/install/fishbot_description/share/ament_index/resource_index/packages
[0.548s] copying resource/fishbot_description -> /home/dl/nav2_ws/install/fishbot_description/share/ament_index/resource_index/packages
[0.548s] copying package.xml -> /home/dl/nav2_ws/install/fishbot_description/share/fishbot_description
[0.548s] creating /home/dl/nav2_ws/install/fishbot_description/share/fishbot_description/launch
[0.548s] copying launch/gazebo.launch.py -> /home/dl/nav2_ws/install/fishbot_description/share/fishbot_description/launch
[0.548s] copying launch/display_rviz2.launch.py -> /home/dl/nav2_ws/install/fishbot_description/share/fishbot_description/launch
[0.548s] creating /home/dl/nav2_ws/install/fishbot_description/share/fishbot_description/urdf
[0.548s] copying urdf/fishbot_base.urdf -> /home/dl/nav2_ws/install/fishbot_description/share/fishbot_description/urdf
[0.548s] running install_egg_info
[0.549s] Copying ../../build/fishbot_description/fishbot_description.egg-info to /home/dl/nav2_ws/install/fishbot_description/lib/python3.10/site-packages/fishbot_description-0.0.0-py3.10.egg-info
[0.549s] running install_scripts
[0.564s] Installing rotate_wheel script to /home/dl/nav2_ws/install/fishbot_description/lib/fishbot_description
[0.564s] writing list of installed files to '/home/dl/nav2_ws/build/fishbot_description/install.log'
[0.591s] Invoked command in '/home/dl/nav2_ws/src/fishbot_description' returned '0': PYTHONPATH=/home/dl/nav2_ws/build/fishbot_description/prefix_override:/home/dl/nav2_ws/install/fishbot_description/lib/python3.10/site-packages: /usr/bin/python3 setup.py egg_info --egg-base ../../build/fishbot_description build --build-base /home/dl/nav2_ws/build/fishbot_description/build install --record /home/dl/nav2_ws/build/fishbot_description/install.log --single-version-externally-managed
