[0.391s] Invoking command in '/home/dl/nav2_ws/src/fishbot_description': PYTHONPATH=/home/dl/nav2_ws/build/fishbot_description/prefix_override:/home/dl/nav2_ws/install/fishbot_description/lib/python3.10/site-packages: /usr/bin/python3 setup.py egg_info --egg-base ../../build/fishbot_description build --build-base /home/dl/nav2_ws/build/fishbot_description/build install --record /home/dl/nav2_ws/build/fishbot_description/install.log --single-version-externally-managed
[0.535s] running egg_info
[0.536s] writing ../../build/fishbot_description/fishbot_description.egg-info/PKG-INFO
[0.536s] writing dependency_links to ../../build/fishbot_description/fishbot_description.egg-info/dependency_links.txt
[0.536s] writing entry points to ../../build/fishbot_description/fishbot_description.egg-info/entry_points.txt
[0.536s] writing requirements to ../../build/fishbot_description/fishbot_description.egg-info/requires.txt
[0.536s] writing top-level names to ../../build/fishbot_description/fishbot_description.egg-info/top_level.txt
[0.537s] reading manifest file '../../build/fishbot_description/fishbot_description.egg-info/SOURCES.txt'
[0.538s] writing manifest file '../../build/fishbot_description/fishbot_description.egg-info/SOURCES.txt'
[0.538s] running build
[0.538s] running build_py
[0.538s] copying fishbot_description/rotate_wheel.py -> /home/dl/nav2_ws/build/fishbot_description/build/lib/fishbot_description
[0.538s] running install
[0.539s] running install_lib
[0.539s] copying /home/dl/nav2_ws/build/fishbot_description/build/lib/fishbot_description/rotate_wheel.py -> /home/dl/nav2_ws/install/fishbot_description/lib/python3.10/site-packages/fishbot_description
[0.539s] byte-compiling /home/dl/nav2_ws/install/fishbot_description/lib/python3.10/site-packages/fishbot_description/rotate_wheel.py to rotate_wheel.cpython-310.pyc
[0.540s] running install_data
[0.540s] copying launch/display_rviz2.launch.py -> /home/dl/nav2_ws/install/fishbot_description/share/fishbot_description/launch
[0.540s] running install_egg_info
[0.541s] removing '/home/dl/nav2_ws/install/fishbot_description/lib/python3.10/site-packages/fishbot_description-0.0.0-py3.10.egg-info' (and everything under it)
[0.541s] Copying ../../build/fishbot_description/fishbot_description.egg-info to /home/dl/nav2_ws/install/fishbot_description/lib/python3.10/site-packages/fishbot_description-0.0.0-py3.10.egg-info
[0.542s] running install_scripts
[0.556s] Installing rotate_wheel script to /home/dl/nav2_ws/install/fishbot_description/lib/fishbot_description
[0.557s] writing list of installed files to '/home/dl/nav2_ws/build/fishbot_description/install.log'
[0.575s] Invoked command in '/home/dl/nav2_ws/src/fishbot_description' returned '0': PYTHONPATH=/home/dl/nav2_ws/build/fishbot_description/prefix_override:/home/dl/nav2_ws/install/fishbot_description/lib/python3.10/site-packages: /usr/bin/python3 setup.py egg_info --egg-base ../../build/fishbot_description build --build-base /home/dl/nav2_ws/build/fishbot_description/build install --record /home/dl/nav2_ws/build/fishbot_description/install.log --single-version-externally-managed
